<?xml version="1.0" encoding="UTF-8"?>
<!-- Generated by org.testng.reporters.JUnitReportReporter -->
<testsuite hostname="DESKTOP-RSB12GM" failures="0" tests="6" name="api.test.DDTest" time="9.024" errors="0" timestamp="2023-07-26T13:06:06 IST" skipped="0">
  <testcase classname="api.test.DDTest" name="testPostuser" time="1.118"/>
  <system-out/>
  <testcase classname="api.test.DDTest" name="testPostuser" time="1.198"/>
  <system-out/>
  <testcase classname="api.test.DDTest" name="testPostuser" time="3.327"/>
  <system-out/>
  <testcase classname="api.test.DDTest" name="testDeleteUserByName" time="1.124"/>
  <system-out/>
  <testcase classname="api.test.DDTest" name="testDeleteUserByName" time="1.113"/>
  <system-out/>
  <testcase classname="api.test.DDTest" name="testDeleteUserByName" time="1.144"/>
  <system-out/>
</testsuite> <!-- api.test.DDTest -->
