<?xml version="1.0" encoding="UTF-8"?>
<!-- Generated by org.testng.reporters.JUnitReportReporter -->
<testsuite hostname="DESKTOP-RSB12GM" failures="0" tests="4" name="api.test.UserTest2" time="8.366" errors="0" timestamp="2023-07-27T07:45:00 IST" skipped="0">
  <testcase classname="api.test.UserTest2" name="testpostUser" time="3.201"/>
  <system-out/>
  <testcase classname="api.test.UserTest2" name="testgetUserbyName" time="1.258"/>
  <system-out/>
  <testcase classname="api.test.UserTest2" name="testUpdateUserByName" time="2.591"/>
  <system-out/>
  <testcase classname="api.test.UserTest2" name="testDeleteUserByName" time="1.316"/>
  <system-out/>
</testsuite> <!-- api.test.UserTest2 -->
