<?xml version="1.0" encoding="UTF-8"?>
<!-- Generated by org.testng.reporters.JUnitReportReporter -->
<testsuite hostname="DESKTOP-RSB12GM" failures="0" tests="4" name="api.test.UserTest" time="8.118" errors="0" timestamp="2023-07-26T17:52:02 IST" skipped="0">
  <testcase classname="api.test.UserTest" name="testpostUser" time="2.968"/>
  <system-out/>
  <testcase classname="api.test.UserTest" name="testgetUserbyName" time="1.327"/>
  <system-out/>
  <testcase classname="api.test.UserTest" name="testUpdateUserByName" time="2.583"/>
  <system-out/>
  <testcase classname="api.test.UserTest" name="testDeleteUserByName" time="1.240"/>
  <system-out/>
</testsuite> <!-- api.test.UserTest -->
