<?xml version="1.0" encoding="UTF-8"?>
<!-- Generated by org.testng.reporters.JUnitReportReporter -->
<testsuite hostname="DESKTOP-RSB12GM" failures="0" tests="4" name="api.test.UserTest" time="6.650" errors="0" timestamp="2023-07-27T08:12:01 IST" skipped="0">
  <testcase classname="api.test.UserTest" name="testpostUser" time="1.419"/>
  <system-out/>
  <testcase classname="api.test.UserTest" name="testgetUserbyName" time="1.371"/>
  <system-out/>
  <testcase classname="api.test.UserTest" name="testUpdateUserByName" time="2.560"/>
  <system-out/>
  <testcase classname="api.test.UserTest" name="testDeleteUserByName" time="1.300"/>
  <system-out/>
</testsuite> <!-- api.test.UserTest -->
