<?xml version="1.0" encoding="UTF-8"?>
<!-- Generated by org.testng.reporters.JUnitReportReporter -->
<testsuite hostname="DESKTOP-RSB12GM" failures="0" tests="6" name="api.test.DDTest" time="10.469" errors="0" timestamp="2023-07-27T08:12:01 IST" skipped="0">
  <testcase classname="api.test.DDTest" name="testPostuser" time="1.332"/>
  <system-out/>
  <testcase classname="api.test.DDTest" name="testPostuser" time="3.762"/>
  <system-out/>
  <testcase classname="api.test.DDTest" name="testPostuser" time="1.326"/>
  <system-out/>
  <testcase classname="api.test.DDTest" name="testDeleteUserByName" time="1.331"/>
  <system-out/>
  <testcase classname="api.test.DDTest" name="testDeleteUserByName" time="1.411"/>
  <system-out/>
  <testcase classname="api.test.DDTest" name="testDeleteUserByName" time="1.307"/>
  <system-out/>
</testsuite> <!-- api.test.DDTest -->
